09:25:26.749 2015/10/18 [Analyzer,INFO] Program Analyzer on host localhost started
09:25:26.775 2015/10/18 [Analyzer,ERROR] [odb.c:9472:db_open_record,ERROR] struct size mismatch for "/" (expected size: 84, size in ODB: 0)
09:25:26.776 2015/10/18 [Analyzer,ERROR] [f-plane.c:344:analyzer_init,ERROR] Cannot open "/Analyzer/Parameters/GLOBAL" tree in ODB
09:25:26.776 2015/10/18 [Analyzer,ERROR] [midas.c:1960:,ERROR] cm_disconnect_experiment not called at end of program
09:26:20.388 2015/10/18 [ODBEdit,ERROR] [odb.c:1229:db_open_database,ERROR] Removed ODB client 'Analyzer', index 0 because process pid 15870 does not exists
09:26:20.389 2015/10/18 [ODBEdit,INFO] Removed open record flag from "/Experiment/Security/RPC hosts/Allowed hosts"
09:26:20.389 2015/10/18 [ODBEdit,INFO] Removed exclusive access mode from "/Experiment/Security/RPC hosts/Allowed hosts"
09:26:20.390 2015/10/18 [ODBEdit,INFO] Removed open record flag from "/Experiment/Run Parameters"
09:26:20.390 2015/10/18 [ODBEdit,INFO] Removed exclusive access mode from "/Experiment/Run Parameters"
09:26:20.391 2015/10/18 [ODBEdit,INFO] Removed open record flag from "/Analyzer/Parameters/ADC"
09:26:20.391 2015/10/18 [ODBEdit,INFO] Removed exclusive access mode from "/Analyzer/Parameters/ADC"
09:26:20.391 2015/10/18 [ODBEdit,INFO] Removed open record flag from "/Analyzer/Parameters/QDC"
09:26:20.392 2015/10/18 [ODBEdit,INFO] Removed exclusive access mode from "/Analyzer/Parameters/QDC"
09:26:20.393 2015/10/18 [ODBEdit,INFO] Removed open record flag from "/Analyzer/Parameters/focalplane"
09:26:20.394 2015/10/18 [ODBEdit,INFO] Removed exclusive access mode from "/Analyzer/Parameters/focalplane"
09:26:20.394 2015/10/18 [ODBEdit,INFO] Removed open record flag from "/Analyzer/Trigger/Common"
09:26:20.395 2015/10/18 [ODBEdit,INFO] Removed exclusive access mode from "/Analyzer/Trigger/Common"
09:26:20.396 2015/10/18 [ODBEdit,INFO] Removed open record flag from "/Analyzer/Trigger/Statistics"
09:26:20.397 2015/10/18 [ODBEdit,INFO] Removed exclusive access mode from "/Analyzer/Trigger/Statistics"
09:26:20.397 2015/10/18 [ODBEdit,INFO] Removed open record flag from "/Analyzer/Scaler/Common"
09:26:20.398 2015/10/18 [ODBEdit,INFO] Removed exclusive access mode from "/Analyzer/Scaler/Common"
09:26:20.399 2015/10/18 [ODBEdit,INFO] Removed open record flag from "/Analyzer/Scaler/Statistics"
09:26:20.399 2015/10/18 [ODBEdit,INFO] Removed exclusive access mode from "/Analyzer/Scaler/Statistics"
09:26:20.400 2015/10/18 [ODBEdit,INFO] Corrected 9 ODB entries
09:26:20.400 2015/10/18 [ODBEdit,INFO] Deleted entry '/System/Clients/15870' for client 'Analyzer' because it is not connected to ODB
09:26:20.401 2015/10/18 [ODBEdit,INFO] Program ODBEdit on host localhost started
09:26:20.401 2015/10/18 [ODBEdit,INFO] Client 'Analyzer' on buffer 'SYSMSG' removed by bm_open_buffer because process pid 15870 does not exist
11:37:15.444 2015/10/20 [ODBEdit,INFO] Program ODBEdit on host localhost stopped
11:37:38.283 2015/10/20 [Analyzer,INFO] Program Analyzer on host localhost started
11:37:39.424 2015/10/20 [Analyzer,INFO] Set run number 1085 in ODB
11:39:46.485 2015/10/20 [Analyzer,INFO] Program Analyzer on host localhost stopped
14:37:57.293 2015/10/20 [ODBEdit,INFO] Program ODBEdit on host localhost started
14:38:25.700 2015/10/20 [ODBEdit,ERROR] [odb.c:5883:db_load,ERROR] file "pr242-we1-pt_OFFLINE.pdb" not found
14:38:36.000 2015/10/20 [ODBEdit,INFO] Program ODBEdit on host localhost stopped
14:39:24.509 2015/10/20 [Analyzer,INFO] Program Analyzer on host localhost started
14:39:25.653 2015/10/20 [Analyzer,INFO] Set run number 1085 in ODB
14:39:32.890 2015/10/20 [Analyzer,INFO] Program Analyzer on host localhost stopped
14:51:20.937 2015/10/20 [Analyzer,INFO] Program Analyzer on host localhost started
14:51:22.079 2015/10/20 [Analyzer,INFO] Set run number 1085 in ODB
14:53:25.554 2015/10/20 [Analyzer,INFO] Program Analyzer on host localhost stopped
09:09:28.064 2015/10/21 [Analyzer,INFO] Program Analyzer on host localhost started
09:09:29.541 2015/10/21 [Analyzer,INFO] Set run number 1085 in ODB
09:11:43.443 2015/10/21 [Analyzer,INFO] Program Analyzer on host localhost stopped
09:34:00.436 2015/10/21 [Analyzer,INFO] Program Analyzer on host localhost started
09:34:09.595 2015/10/21 [Analyzer,INFO] Set run number 1085 in ODB
09:36:12.138 2015/10/21 [Analyzer,INFO] Program Analyzer on host localhost stopped
17:40:16.808 2015/10/21 [Analyzer,INFO] Program Analyzer on host localhost started
17:40:17.941 2015/10/21 [Analyzer,INFO] Set run number 1085 in ODB
17:42:20.999 2015/10/21 [Analyzer,INFO] Program Analyzer on host localhost stopped
18:07:38.854 2015/10/21 [ODBEdit,INFO] Program ODBEdit on host localhost started
18:07:57.242 2015/10/21 [ODBEdit,INFO] Program ODBEdit on host localhost stopped
18:11:35.447 2015/10/21 [Analyzer,INFO] Program Analyzer on host localhost started
18:11:36.850 2015/10/21 [Analyzer,INFO] Set run number 1103 in ODB
18:18:09.142 2015/10/21 [Analyzer,INFO] Program Analyzer on host localhost stopped
08:59:59.036 2015/10/22 [Analyzer,INFO] Program Analyzer on host localhost started
09:00:00.212 2015/10/22 [Analyzer,INFO] Set run number 1085 in ODB
09:02:01.923 2015/10/22 [Analyzer,INFO] Program Analyzer on host localhost stopped
09:04:41.287 2015/10/22 [Analyzer,INFO] Program Analyzer on host localhost started
09:04:42.426 2015/10/22 [Analyzer,INFO] Set run number 1085 in ODB
09:04:45.320 2015/10/22 [Analyzer,INFO] Program Analyzer on host localhost stopped
09:05:58.199 2015/10/22 [Analyzer,INFO] Program Analyzer on host localhost started
09:05:59.349 2015/10/22 [Analyzer,INFO] Set run number 1085 in ODB
09:08:01.695 2015/10/22 [Analyzer,INFO] Program Analyzer on host localhost stopped
16:04:05.268 2015/10/22 [Analyzer,INFO] Program Analyzer on host localhost started
16:04:05.272 2015/10/22 [Analyzer,INFO] Program Analyzer on host localhost stopped
16:04:07.952 2015/10/22 [Analyzer,INFO] Program Analyzer on host localhost started
16:04:07.954 2015/10/22 [Analyzer,INFO] Program Analyzer on host localhost stopped
16:04:10.091 2015/10/22 [Analyzer,INFO] Program Analyzer on host localhost started
16:04:10.093 2015/10/22 [Analyzer,INFO] Program Analyzer on host localhost stopped
16:04:12.434 2015/10/22 [Analyzer,INFO] Program Analyzer on host localhost started
16:04:12.541 2015/10/22 [Analyzer,INFO] Program Analyzer on host localhost stopped
16:04:14.322 2015/10/22 [Analyzer,INFO] Program Analyzer on host localhost started
16:04:14.324 2015/10/22 [Analyzer,INFO] Program Analyzer on host localhost stopped
16:04:16.466 2015/10/22 [Analyzer,INFO] Program Analyzer on host localhost started
16:04:16.468 2015/10/22 [Analyzer,INFO] Program Analyzer on host localhost stopped
16:04:18.446 2015/10/22 [Analyzer,INFO] Program Analyzer on host localhost started
16:04:18.448 2015/10/22 [Analyzer,INFO] Program Analyzer on host localhost stopped
16:04:20.302 2015/10/22 [Analyzer,INFO] Program Analyzer on host localhost started
16:04:20.304 2015/10/22 [Analyzer,INFO] Program Analyzer on host localhost stopped
16:04:22.224 2015/10/22 [Analyzer,INFO] Program Analyzer on host localhost started
16:04:22.226 2015/10/22 [Analyzer,INFO] Program Analyzer on host localhost stopped
16:04:24.332 2015/10/22 [Analyzer,INFO] Program Analyzer on host localhost started
16:04:24.334 2015/10/22 [Analyzer,INFO] Program Analyzer on host localhost stopped
16:20:06.738 2015/10/22 [Analyzer,INFO] Program Analyzer on host localhost started
16:20:06.837 2015/10/22 [Analyzer,INFO] Program Analyzer on host localhost stopped
16:20:09.949 2015/10/22 [Analyzer,INFO] Program Analyzer on host localhost started
16:20:09.951 2015/10/22 [Analyzer,INFO] Program Analyzer on host localhost stopped
16:21:08.696 2015/10/22 [Analyzer,INFO] Program Analyzer on host localhost started
16:21:09.935 2015/10/22 [Analyzer,INFO] Set run number 1001 in ODB
16:21:10.641 2015/10/22 [Analyzer,INFO] Program Analyzer on host localhost stopped
16:21:13.566 2015/10/22 [Analyzer,INFO] Program Analyzer on host localhost started
16:21:14.804 2015/10/22 [Analyzer,INFO] Set run number 1002 in ODB
16:21:15.391 2015/10/22 [Analyzer,INFO] Program Analyzer on host localhost stopped
16:26:11.982 2015/10/22 [Analyzer,INFO] Program Analyzer on host localhost started
16:26:13.147 2015/10/22 [Analyzer,INFO] Set run number 1001 in ODB
16:26:13.737 2015/10/22 [Analyzer,INFO] Program Analyzer on host localhost stopped
16:26:15.802 2015/10/22 [Analyzer,INFO] Program Analyzer on host localhost started
16:26:16.941 2015/10/22 [Analyzer,INFO] Set run number 1002 in ODB
16:26:17.532 2015/10/22 [Analyzer,INFO] Program Analyzer on host localhost stopped
16:27:46.029 2015/10/22 [Analyzer,INFO] Program Analyzer on host localhost started
16:27:47.371 2015/10/22 [Analyzer,INFO] Set run number 1012 in ODB
16:28:11.802 2015/10/22 [Analyzer,INFO] Program Analyzer on host localhost stopped
16:28:13.696 2015/10/22 [Analyzer,INFO] Program Analyzer on host localhost started
16:28:15.277 2015/10/22 [Analyzer,INFO] Set run number 1013 in ODB
16:28:25.287 2015/10/22 [Analyzer,INFO] Program Analyzer on host localhost stopped
16:38:05.177 2015/10/22 [Analyzer,INFO] Program Analyzer on host localhost started
16:38:06.532 2015/10/22 [Analyzer,INFO] Set run number 1103 in ODB
16:44:57.841 2015/10/22 [Analyzer,INFO] Program Analyzer on host localhost stopped
16:45:00.010 2015/10/22 [Analyzer,INFO] Program Analyzer on host localhost started
16:45:01.321 2015/10/22 [Analyzer,INFO] Set run number 1104 in ODB
16:53:50.961 2015/10/22 [Analyzer,INFO] Program Analyzer on host localhost stopped
16:53:52.931 2015/10/22 [Analyzer,INFO] Program Analyzer on host localhost started
16:53:54.231 2015/10/22 [Analyzer,INFO] Set run number 1105 in ODB
17:03:23.527 2015/10/22 [Analyzer,INFO] Program Analyzer on host localhost stopped
17:03:26.249 2015/10/22 [Analyzer,INFO] Program Analyzer on host localhost started
17:03:28.035 2015/10/22 [Analyzer,INFO] Set run number 1106 in ODB
17:11:53.657 2015/10/22 [Analyzer,INFO] Program Analyzer on host localhost stopped
17:12:03.738 2015/10/22 [Analyzer,INFO] Program Analyzer on host localhost started
17:12:05.029 2015/10/22 [Analyzer,INFO] Set run number 1107 in ODB
17:18:06.008 2015/10/22 [Analyzer,INFO] Program Analyzer on host localhost stopped
17:18:07.856 2015/10/22 [Analyzer,INFO] Program Analyzer on host localhost started
17:18:09.213 2015/10/22 [Analyzer,INFO] Set run number 1108 in ODB
17:20:29.607 2015/10/22 [Analyzer,INFO] Program Analyzer on host localhost stopped
09:00:56.169 2015/10/23 [Analyzer,INFO] Program Analyzer on host localhost started
09:00:57.510 2015/10/23 [Analyzer,INFO] Set run number 1108 in ODB
09:06:23.180 2015/10/23 [Analyzer,INFO] Program Analyzer on host localhost stopped
12:05:54.959 2015/10/24 [Analyzer,INFO] Program Analyzer on host localhost started
12:05:56.390 2015/10/24 [Analyzer,INFO] Set run number 1021 in ODB
12:06:09.817 2015/10/24 [Analyzer,INFO] Program Analyzer on host localhost stopped
14:34:01.614 2015/10/27 [Analyzer,INFO] Program Analyzer on host localhost started
14:34:04.394 2015/10/27 [Analyzer,INFO] Set run number 1103 in ODB
14:43:04.959 2015/10/27 [Analyzer,INFO] Program Analyzer on host localhost stopped
14:55:24.666 2015/10/27 [ODBEdit,INFO] Program ODBEdit on host localhost started
14:56:44.949 2015/10/27 [ODBEdit,ERROR] [odb.c:6893:db_save,ERROR] Cannot open file ""
14:56:48.376 2015/10/27 [ODBEdit,INFO] Program ODBEdit on host localhost stopped
14:56:56.615 2015/10/27 [Analyzer,INFO] Program Analyzer on host localhost started
14:56:57.809 2015/10/27 [Analyzer,INFO] Set run number 1103 in ODB
15:03:23.400 2015/10/27 [Analyzer,INFO] Program Analyzer on host localhost stopped
15:05:02.304 2015/10/27 [Analyzer,INFO] Program Analyzer on host localhost started
15:05:03.723 2015/10/27 [Analyzer,INFO] Set run number 1104 in ODB
15:13:49.585 2015/10/27 [Analyzer,INFO] Program Analyzer on host localhost stopped
15:13:52.047 2015/10/27 [Analyzer,INFO] Program Analyzer on host localhost started
15:13:53.346 2015/10/27 [Analyzer,INFO] Set run number 1105 in ODB
15:23:14.073 2015/10/27 [Analyzer,INFO] Program Analyzer on host localhost stopped
15:23:16.222 2015/10/27 [Analyzer,INFO] Program Analyzer on host localhost started
15:23:18.011 2015/10/27 [Analyzer,INFO] Set run number 1106 in ODB
15:31:39.163 2015/10/27 [Analyzer,INFO] Program Analyzer on host localhost stopped
15:31:41.084 2015/10/27 [Analyzer,INFO] Program Analyzer on host localhost started
15:31:42.429 2015/10/27 [Analyzer,INFO] Set run number 1107 in ODB
15:37:43.799 2015/10/27 [Analyzer,INFO] Program Analyzer on host localhost stopped
15:37:47.761 2015/10/27 [Analyzer,INFO] Program Analyzer on host localhost started
15:37:49.041 2015/10/27 [Analyzer,INFO] Set run number 1108 in ODB
15:43:16.217 2015/10/27 [Analyzer,INFO] Program Analyzer on host localhost stopped
10:08:28.393 2015/10/30 [ODBEdit,INFO] Program ODBEdit on host localhost started
10:13:49.881 2015/10/30 [ODBEdit,ERROR] [odb.c:6893:db_save,ERROR] Cannot open file ""
10:14:45.010 2015/10/30 [ODBEdit,INFO] Program ODBEdit on host localhost stopped
10:14:47.398 2015/10/30 [ODBEdit,INFO] Program ODBEdit on host localhost started
10:14:57.367 2015/10/30 [ODBEdit,INFO] Program ODBEdit on host localhost stopped
10:15:26.242 2015/10/30 [Analyzer,INFO] Program Analyzer on host localhost started
10:15:27.709 2015/10/30 [Analyzer,INFO] Set run number 1104 in ODB
10:24:07.247 2015/10/30 [Analyzer,INFO] Program Analyzer on host localhost stopped
10:24:09.345 2015/10/30 [Analyzer,INFO] Program Analyzer on host localhost started
10:24:10.658 2015/10/30 [Analyzer,INFO] Set run number 1105 in ODB
10:33:05.289 2015/10/30 [Analyzer,INFO] Program Analyzer on host localhost stopped
10:33:08.028 2015/10/30 [Analyzer,INFO] Program Analyzer on host localhost started
10:33:09.313 2015/10/30 [Analyzer,INFO] Set run number 1106 in ODB
10:41:12.719 2015/10/30 [Analyzer,INFO] Program Analyzer on host localhost stopped
10:41:14.657 2015/10/30 [Analyzer,INFO] Program Analyzer on host localhost started
10:41:15.963 2015/10/30 [Analyzer,INFO] Set run number 1107 in ODB
10:46:34.555 2015/10/30 [Analyzer,INFO] Program Analyzer on host localhost stopped
10:46:36.666 2015/10/30 [Analyzer,INFO] Program Analyzer on host localhost started
10:46:37.936 2015/10/30 [Analyzer,INFO] Set run number 1108 in ODB
10:51:59.897 2015/10/30 [Analyzer,INFO] Program Analyzer on host localhost stopped
11:32:31.955 2015/10/30 [ODBEdit,INFO] Program ODBEdit on host localhost started
11:33:45.658 2015/10/30 [ODBEdit,ERROR] [odb.c:6893:db_save,ERROR] Cannot open file ""
11:33:58.296 2015/10/30 [ODBEdit,INFO] Program ODBEdit on host localhost stopped
11:34:34.664 2015/10/30 [Analyzer,INFO] Program Analyzer on host localhost started
11:34:35.902 2015/10/30 [Analyzer,INFO] Set run number 1104 in ODB
11:43:29.661 2015/10/30 [Analyzer,INFO] Program Analyzer on host localhost stopped
11:43:41.074 2015/10/30 [Analyzer,INFO] Program Analyzer on host localhost started
11:43:42.265 2015/10/30 [Analyzer,INFO] Set run number 1105 in ODB
11:52:33.168 2015/10/30 [Analyzer,INFO] Program Analyzer on host localhost stopped
11:52:36.046 2015/10/30 [Analyzer,INFO] Program Analyzer on host localhost started
11:52:37.219 2015/10/30 [Analyzer,INFO] Set run number 1106 in ODB
12:00:31.027 2015/10/30 [Analyzer,INFO] Program Analyzer on host localhost stopped
12:00:33.677 2015/10/30 [Analyzer,INFO] Program Analyzer on host localhost started
12:00:34.833 2015/10/30 [Analyzer,INFO] Set run number 1107 in ODB
12:06:45.845 2015/10/30 [Analyzer,INFO] Program Analyzer on host localhost stopped
13:28:39.284 2015/10/30 [Analyzer,ERROR] [odb.c:1229:db_open_database,ERROR] Removed ODB client 'Analyzer', index 0 because process pid 13118 does not exists
13:28:39.287 2015/10/30 [Analyzer,INFO] Removed open record flag from "/Experiment/Security/RPC hosts/Allowed hosts"
13:28:39.289 2015/10/30 [Analyzer,INFO] Removed exclusive access mode from "/Experiment/Security/RPC hosts/Allowed hosts"
13:28:39.290 2015/10/30 [Analyzer,INFO] Removed open record flag from "/Experiment/Run Parameters"
13:28:39.291 2015/10/30 [Analyzer,INFO] Removed exclusive access mode from "/Experiment/Run Parameters"
13:28:39.291 2015/10/30 [Analyzer,INFO] Removed open record flag from "/Runinfo"
13:28:39.292 2015/10/30 [Analyzer,INFO] Removed exclusive access mode from "/Runinfo"
13:28:39.294 2015/10/30 [Analyzer,INFO] Removed open record flag from "/Analyzer/Parameters/ADC"
13:28:39.295 2015/10/30 [Analyzer,INFO] Removed exclusive access mode from "/Analyzer/Parameters/ADC"
13:28:39.296 2015/10/30 [Analyzer,INFO] Removed open record flag from "/Analyzer/Parameters/QDC"
13:28:39.297 2015/10/30 [Analyzer,INFO] Removed exclusive access mode from "/Analyzer/Parameters/QDC"
13:28:39.298 2015/10/30 [Analyzer,INFO] Removed open record flag from "/Analyzer/Parameters/focalplane"
13:28:39.300 2015/10/30 [Analyzer,INFO] Removed exclusive access mode from "/Analyzer/Parameters/focalplane"
13:28:39.301 2015/10/30 [Analyzer,INFO] Corrected 6 ODB entries
13:28:39.302 2015/10/30 [Analyzer,INFO] Deleted entry '/System/Clients/13118' for client 'Analyzer' because it is not connected to ODB
13:28:39.303 2015/10/30 [Analyzer,INFO] Program Analyzer on host localhost started
13:28:40.443 2015/10/30 [Analyzer,INFO] Set run number 1107 in ODB
13:34:48.313 2015/10/30 [Analyzer,INFO] Program Analyzer on host localhost stopped
13:34:50.633 2015/10/30 [Analyzer,INFO] Program Analyzer on host localhost started
13:34:51.794 2015/10/30 [Analyzer,INFO] Set run number 1108 in ODB
13:40:06.581 2015/10/30 [Analyzer,INFO] Program Analyzer on host localhost stopped
14:38:57.091 2015/10/30 [Analyzer,INFO] Program Analyzer on host localhost started
14:38:58.441 2015/10/30 [Analyzer,INFO] Set run number 1103 in ODB
14:45:32.188 2015/10/30 [Analyzer,INFO] Program Analyzer on host localhost stopped
14:45:35.317 2015/10/30 [Analyzer,INFO] Program Analyzer on host localhost started
14:45:36.647 2015/10/30 [Analyzer,INFO] Set run number 1104 in ODB
14:54:13.740 2015/10/30 [Analyzer,INFO] Program Analyzer on host localhost stopped
14:54:16.842 2015/10/30 [Analyzer,INFO] Program Analyzer on host localhost started
14:54:18.021 2015/10/30 [Analyzer,INFO] Set run number 1105 in ODB
15:03:17.503 2015/10/30 [Analyzer,INFO] Program Analyzer on host localhost stopped
15:03:21.052 2015/10/30 [Analyzer,INFO] Program Analyzer on host localhost started
15:03:22.296 2015/10/30 [Analyzer,INFO] Set run number 1106 in ODB
15:12:01.378 2015/10/30 [Analyzer,INFO] Program Analyzer on host localhost stopped
15:12:04.639 2015/10/30 [Analyzer,INFO] Program Analyzer on host localhost started
15:12:05.792 2015/10/30 [Analyzer,INFO] Set run number 1107 in ODB
15:17:51.947 2015/10/30 [Analyzer,INFO] Program Analyzer on host localhost stopped
15:17:54.435 2015/10/30 [Analyzer,INFO] Program Analyzer on host localhost started
15:17:55.880 2015/10/30 [Analyzer,INFO] Set run number 1108 in ODB
15:23:54.621 2015/10/30 [Analyzer,INFO] Program Analyzer on host localhost stopped
13:38:09.146 2015/11/03 [ODBEdit,INFO] Program ODBEdit on host localhost started
13:38:27.871 2015/11/03 [ODBEdit,INFO] Program ODBEdit on host localhost stopped
14:17:00.246 2015/11/03 [Analyzer,INFO] Program Analyzer on host localhost started
14:17:01.548 2015/11/03 [Analyzer,INFO] Set run number 1103 in ODB
14:23:26.236 2015/11/03 [Analyzer,INFO] Program Analyzer on host localhost stopped
14:23:28.127 2015/11/03 [Analyzer,INFO] Program Analyzer on host localhost started
14:23:29.302 2015/11/03 [Analyzer,INFO] Set run number 1104 in ODB
14:32:05.674 2015/11/03 [Analyzer,INFO] Program Analyzer on host localhost stopped
14:32:07.676 2015/11/03 [Analyzer,INFO] Program Analyzer on host localhost started
14:32:08.840 2015/11/03 [Analyzer,INFO] Set run number 1105 in ODB
14:41:02.852 2015/11/03 [Analyzer,INFO] Program Analyzer on host localhost stopped
14:41:04.899 2015/11/03 [Analyzer,INFO] Program Analyzer on host localhost started
14:41:06.050 2015/11/03 [Analyzer,INFO] Set run number 1106 in ODB
14:49:05.679 2015/11/03 [Analyzer,INFO] Program Analyzer on host localhost stopped
14:49:08.198 2015/11/03 [Analyzer,INFO] Program Analyzer on host localhost started
14:49:09.356 2015/11/03 [Analyzer,INFO] Set run number 1107 in ODB
14:54:56.599 2015/11/03 [Analyzer,INFO] Program Analyzer on host localhost stopped
14:54:58.894 2015/11/03 [Analyzer,INFO] Program Analyzer on host localhost started
14:55:00.050 2015/11/03 [Analyzer,INFO] Set run number 1108 in ODB
15:00:17.860 2015/11/03 [Analyzer,INFO] Program Analyzer on host localhost stopped
15:41:24.480 2015/11/03 [ODBEdit,INFO] Program ODBEdit on host localhost started
15:43:05.346 2015/11/03 [ODBEdit,INFO] Program ODBEdit on host localhost stopped
15:43:27.594 2015/11/03 [Analyzer,INFO] Program Analyzer on host localhost started
15:43:28.830 2015/11/03 [Analyzer,INFO] Set run number 1103 in ODB
15:50:20.684 2015/11/03 [Analyzer,INFO] Program Analyzer on host localhost stopped
15:50:24.639 2015/11/03 [Analyzer,INFO] Program Analyzer on host localhost started
15:50:25.825 2015/11/03 [Analyzer,INFO] Set run number 1104 in ODB
15:59:56.122 2015/11/03 [Analyzer,INFO] Program Analyzer on host localhost stopped
16:00:03.993 2015/11/03 [Analyzer,INFO] Program Analyzer on host localhost started
16:00:05.267 2015/11/03 [Analyzer,INFO] Set run number 1105 in ODB
16:09:48.245 2015/11/03 [Analyzer,INFO] Program Analyzer on host localhost stopped
16:09:51.433 2015/11/03 [Analyzer,INFO] Program Analyzer on host localhost started
16:09:52.586 2015/11/03 [Analyzer,INFO] Set run number 1106 in ODB
16:17:57.889 2015/11/03 [Analyzer,INFO] Program Analyzer on host localhost stopped
16:18:01.935 2015/11/03 [Analyzer,INFO] Program Analyzer on host localhost started
16:18:03.181 2015/11/03 [Analyzer,INFO] Set run number 1107 in ODB
16:23:50.484 2015/11/03 [Analyzer,INFO] Program Analyzer on host localhost stopped
16:23:52.295 2015/11/03 [Analyzer,INFO] Program Analyzer on host localhost started
16:23:53.454 2015/11/03 [Analyzer,INFO] Set run number 1108 in ODB
16:29:19.646 2015/11/03 [Analyzer,INFO] Program Analyzer on host localhost stopped
11:21:45.281 2015/11/04 [ODBEdit,INFO] Program ODBEdit on host localhost started
11:22:04.624 2015/11/04 [ODBEdit,INFO] Program ODBEdit on host localhost stopped
11:22:43.526 2015/11/04 [ODBEdit,INFO] Program ODBEdit on host localhost started
11:22:48.689 2015/11/04 [ODBEdit,INFO] Program ODBEdit on host localhost stopped
13:14:47.251 2015/11/04 [ODBEdit,INFO] Program ODBEdit on host localhost started
13:17:00.106 2015/11/04 [ODBEdit,INFO] Program ODBEdit on host localhost stopped
13:17:11.055 2015/11/04 [Analyzer,INFO] Program Analyzer on host localhost started
13:17:12.279 2015/11/04 [Analyzer,INFO] Set run number 1103 in ODB
13:23:46.253 2015/11/04 [Analyzer,INFO] Program Analyzer on host localhost stopped
13:23:49.560 2015/11/04 [Analyzer,INFO] Program Analyzer on host localhost started
13:23:50.745 2015/11/04 [Analyzer,INFO] Set run number 1104 in ODB
13:32:37.112 2015/11/04 [Analyzer,INFO] Program Analyzer on host localhost stopped
13:32:41.544 2015/11/04 [Analyzer,INFO] Program Analyzer on host localhost started
13:32:42.807 2015/11/04 [Analyzer,INFO] Set run number 1105 in ODB
13:42:05.038 2015/11/04 [Analyzer,INFO] Program Analyzer on host localhost stopped
13:42:08.453 2015/11/04 [Analyzer,INFO] Program Analyzer on host localhost started
13:42:09.747 2015/11/04 [Analyzer,INFO] Set run number 1106 in ODB
13:50:15.556 2015/11/04 [Analyzer,INFO] Program Analyzer on host localhost stopped
13:50:22.811 2015/11/04 [Analyzer,INFO] Program Analyzer on host localhost started
13:50:24.058 2015/11/04 [Analyzer,INFO] Set run number 1107 in ODB
13:56:18.625 2015/11/04 [Analyzer,INFO] Program Analyzer on host localhost stopped
13:56:21.589 2015/11/04 [Analyzer,INFO] Program Analyzer on host localhost started
13:56:22.785 2015/11/04 [Analyzer,INFO] Set run number 1108 in ODB
14:01:46.234 2015/11/04 [Analyzer,INFO] Program Analyzer on host localhost stopped
15:17:26.352 2015/11/04 [ODBEdit,INFO] Program ODBEdit on host localhost started
15:17:31.851 2015/11/04 [ODBEdit,INFO] Program ODBEdit on host localhost stopped
15:17:41.959 2015/11/04 [ODBEdit,INFO] Program ODBEdit on host localhost started
15:17:43.876 2015/11/04 [ODBEdit,INFO] Program ODBEdit on host localhost stopped
15:17:58.782 2015/11/04 [ODBEdit,INFO] Program ODBEdit on host localhost started
15:22:05.443 2015/11/04 [ODBEdit,INFO] Program ODBEdit on host localhost stopped
15:22:19.069 2015/11/04 [Analyzer,INFO] Program Analyzer on host localhost started
15:22:20.281 2015/11/04 [Analyzer,INFO] Set run number 1103 in ODB
15:28:49.067 2015/11/04 [Analyzer,INFO] Program Analyzer on host localhost stopped
15:28:51.375 2015/11/04 [Analyzer,INFO] Program Analyzer on host localhost started
15:28:52.584 2015/11/04 [Analyzer,INFO] Set run number 1104 in ODB
15:37:25.542 2015/11/04 [Analyzer,INFO] Program Analyzer on host localhost stopped
15:37:27.764 2015/11/04 [Analyzer,INFO] Program Analyzer on host localhost started
15:37:28.941 2015/11/04 [Analyzer,INFO] Set run number 1105 in ODB
15:46:17.770 2015/11/04 [Analyzer,INFO] Program Analyzer on host localhost stopped
15:46:20.362 2015/11/04 [Analyzer,INFO] Program Analyzer on host localhost started
15:46:21.795 2015/11/04 [Analyzer,INFO] Set run number 1106 in ODB
15:54:25.650 2015/11/04 [Analyzer,INFO] Program Analyzer on host localhost stopped
15:54:28.012 2015/11/04 [Analyzer,INFO] Program Analyzer on host localhost started
15:54:29.272 2015/11/04 [Analyzer,INFO] Set run number 1107 in ODB
16:00:17.727 2015/11/04 [Analyzer,INFO] Program Analyzer on host localhost stopped
16:00:19.844 2015/11/04 [Analyzer,INFO] Program Analyzer on host localhost started
16:00:21.010 2015/11/04 [Analyzer,INFO] Set run number 1108 in ODB
16:05:41.986 2015/11/04 [Analyzer,INFO] Program Analyzer on host localhost stopped
20:34:15.810 2015/11/04 [ODBEdit,INFO] Program ODBEdit on host localhost started
20:35:28.145 2015/11/04 [ODBEdit,INFO] Program ODBEdit on host localhost stopped
20:35:36.296 2015/11/04 [Analyzer,INFO] Program Analyzer on host localhost started
20:35:37.571 2015/11/04 [Analyzer,INFO] Set run number 1103 in ODB
20:53:27.930 2015/11/04 [Analyzer,ERROR] [odb.c:1229:db_open_database,ERROR] Removed ODB client 'Analyzer', index 0 because process pid 28736 does not exists
20:53:27.935 2015/11/04 [Analyzer,INFO] Removed open record flag from "/Experiment/Security/RPC hosts/Allowed hosts"
20:53:27.938 2015/11/04 [Analyzer,INFO] Removed exclusive access mode from "/Experiment/Security/RPC hosts/Allowed hosts"
20:53:27.939 2015/11/04 [Analyzer,INFO] Removed open record flag from "/Experiment/Run Parameters"
20:53:27.941 2015/11/04 [Analyzer,INFO] Removed exclusive access mode from "/Experiment/Run Parameters"
20:53:27.942 2015/11/04 [Analyzer,INFO] Removed open record flag from "/Analyzer/Parameters/ADC"
20:53:27.944 2015/11/04 [Analyzer,INFO] Removed exclusive access mode from "/Analyzer/Parameters/ADC"
20:53:27.945 2015/11/04 [Analyzer,INFO] Removed open record flag from "/Analyzer/Parameters/QDC"
20:53:27.946 2015/11/04 [Analyzer,INFO] Removed exclusive access mode from "/Analyzer/Parameters/QDC"
20:53:27.947 2015/11/04 [Analyzer,INFO] Removed open record flag from "/Analyzer/Parameters/focalplane"
20:53:27.948 2015/11/04 [Analyzer,INFO] Removed exclusive access mode from "/Analyzer/Parameters/focalplane"
20:53:27.950 2015/11/04 [Analyzer,INFO] Removed open record flag from "/Analyzer/Trigger/Common"
20:53:27.952 2015/11/04 [Analyzer,INFO] Removed exclusive access mode from "/Analyzer/Trigger/Common"
20:53:27.954 2015/11/04 [Analyzer,INFO] Removed open record flag from "/Analyzer/Trigger/Statistics"
20:53:27.956 2015/11/04 [Analyzer,INFO] Removed exclusive access mode from "/Analyzer/Trigger/Statistics"
20:53:27.958 2015/11/04 [Analyzer,INFO] Removed open record flag from "/Analyzer/Scaler/Common"
20:53:27.960 2015/11/04 [Analyzer,INFO] Removed exclusive access mode from "/Analyzer/Scaler/Common"
20:53:27.962 2015/11/04 [Analyzer,INFO] Removed open record flag from "/Analyzer/Scaler/Statistics"
20:53:27.964 2015/11/04 [Analyzer,INFO] Removed exclusive access mode from "/Analyzer/Scaler/Statistics"
20:53:27.966 2015/11/04 [Analyzer,INFO] Corrected 9 ODB entries
20:53:27.967 2015/11/04 [Analyzer,INFO] Program Analyzer on host localhost started
20:53:29.141 2015/11/04 [Analyzer,INFO] Set run number 1103 in ODB
20:59:57.668 2015/11/04 [Analyzer,INFO] Program Analyzer on host localhost stopped
21:00:00.622 2015/11/04 [Analyzer,INFO] Program Analyzer on host localhost started
21:00:01.847 2015/11/04 [Analyzer,INFO] Set run number 1104 in ODB
21:08:25.684 2015/11/04 [Analyzer,INFO] Program Analyzer on host localhost stopped
21:08:28.761 2015/11/04 [Analyzer,INFO] Program Analyzer on host localhost started
21:08:29.912 2015/11/04 [Analyzer,INFO] Set run number 1105 in ODB
21:17:20.286 2015/11/04 [Analyzer,INFO] Program Analyzer on host localhost stopped
21:17:23.922 2015/11/04 [Analyzer,INFO] Program Analyzer on host localhost started
21:17:25.081 2015/11/04 [Analyzer,INFO] Set run number 1106 in ODB
21:25:20.404 2015/11/04 [Analyzer,INFO] Program Analyzer on host localhost stopped
21:25:23.622 2015/11/04 [Analyzer,INFO] Program Analyzer on host localhost started
21:25:24.860 2015/11/04 [Analyzer,INFO] Set run number 1107 in ODB
21:31:08.487 2015/11/04 [Analyzer,INFO] Program Analyzer on host localhost stopped
21:31:13.505 2015/11/04 [Analyzer,INFO] Program Analyzer on host localhost started
21:31:14.665 2015/11/04 [Analyzer,INFO] Set run number 1108 in ODB
21:36:31.763 2015/11/04 [Analyzer,INFO] Program Analyzer on host localhost stopped
09:07:12.208 2015/11/05 [ODBEdit,INFO] Program ODBEdit on host localhost started
09:08:47.048 2015/11/05 [ODBEdit,INFO] Program ODBEdit on host localhost stopped
09:08:53.388 2015/11/05 [Analyzer,INFO] Program Analyzer on host localhost started
09:08:54.521 2015/11/05 [Analyzer,INFO] Set run number 1103 in ODB
09:15:15.575 2015/11/05 [Analyzer,INFO] Program Analyzer on host localhost stopped
09:15:17.060 2015/11/05 [Analyzer,INFO] Program Analyzer on host localhost started
09:15:18.203 2015/11/05 [Analyzer,INFO] Set run number 1104 in ODB
09:23:39.429 2015/11/05 [Analyzer,INFO] Program Analyzer on host localhost stopped
09:23:40.925 2015/11/05 [Analyzer,INFO] Program Analyzer on host localhost started
09:23:42.068 2015/11/05 [Analyzer,INFO] Set run number 1105 in ODB
09:32:36.373 2015/11/05 [Analyzer,INFO] Program Analyzer on host localhost stopped
10:32:34.205 2015/11/05 [Analyzer,INFO] Program Analyzer on host localhost started
10:32:35.355 2015/11/05 [Analyzer,INFO] Set run number 1103 in ODB
10:38:56.988 2015/11/05 [Analyzer,INFO] Program Analyzer on host localhost stopped
10:38:58.804 2015/11/05 [Analyzer,INFO] Program Analyzer on host localhost started
10:38:59.936 2015/11/05 [Analyzer,INFO] Set run number 1104 in ODB
10:47:19.030 2015/11/05 [Analyzer,INFO] Program Analyzer on host localhost stopped
10:47:20.807 2015/11/05 [Analyzer,INFO] Program Analyzer on host localhost started
10:47:21.942 2015/11/05 [Analyzer,INFO] Set run number 1105 in ODB
10:56:08.958 2015/11/05 [Analyzer,INFO] Program Analyzer on host localhost stopped
10:56:11.390 2015/11/05 [Analyzer,INFO] Program Analyzer on host localhost started
10:56:12.557 2015/11/05 [Analyzer,INFO] Set run number 1106 in ODB
11:04:06.673 2015/11/05 [Analyzer,INFO] Program Analyzer on host localhost stopped
11:04:08.710 2015/11/05 [Analyzer,INFO] Program Analyzer on host localhost started
11:04:09.850 2015/11/05 [Analyzer,INFO] Set run number 1107 in ODB
11:10:19.750 2015/11/05 [Analyzer,INFO] Program Analyzer on host localhost stopped
11:10:21.688 2015/11/05 [Analyzer,INFO] Program Analyzer on host localhost started
11:10:22.840 2015/11/05 [Analyzer,INFO] Set run number 1108 in ODB
11:15:39.549 2015/11/05 [Analyzer,INFO] Program Analyzer on host localhost stopped
12:57:10.068 2015/11/05 [ODBEdit,INFO] Program ODBEdit on host localhost started
12:59:38.186 2015/11/05 [ODBEdit,INFO] Program ODBEdit on host localhost stopped
12:59:42.236 2015/11/05 [Analyzer,INFO] Program Analyzer on host localhost started
12:59:43.375 2015/11/05 [Analyzer,INFO] Set run number 1103 in ODB
13:06:12.509 2015/11/05 [Analyzer,INFO] Program Analyzer on host localhost stopped
13:06:14.762 2015/11/05 [Analyzer,INFO] Program Analyzer on host localhost started
13:06:15.912 2015/11/05 [Analyzer,INFO] Set run number 1104 in ODB
13:15:08.640 2015/11/05 [Analyzer,INFO] Program Analyzer on host localhost stopped
13:15:10.390 2015/11/05 [Analyzer,INFO] Program Analyzer on host localhost started
13:15:11.525 2015/11/05 [Analyzer,INFO] Set run number 1105 in ODB
13:24:28.448 2015/11/05 [Analyzer,INFO] Program Analyzer on host localhost stopped
13:24:35.880 2015/11/05 [Analyzer,INFO] Program Analyzer on host localhost started
13:24:37.171 2015/11/05 [Analyzer,INFO] Set run number 1106 in ODB
13:29:35.967 2015/11/05 [Analyzer,INFO] Program Analyzer on host localhost stopped
13:29:46.614 2015/11/05 [Analyzer,INFO] Program Analyzer on host localhost started
13:29:47.857 2015/11/05 [Analyzer,INFO] Set run number 1107 in ODB
13:36:32.719 2015/11/05 [Analyzer,INFO] Program Analyzer on host localhost stopped
13:36:35.386 2015/11/05 [Analyzer,INFO] Program Analyzer on host localhost started
13:36:36.557 2015/11/05 [Analyzer,INFO] Set run number 1108 in ODB
13:42:05.075 2015/11/05 [Analyzer,INFO] Program Analyzer on host localhost stopped
12:32:40.797 2016/02/06 [ODBEdit,INFO] Program ODBEdit on host localhost started
12:32:59.670 2016/02/06 [ODBEdit,ERROR] [odb.c:5883:db_load,ERROR] file "pr242-we1-pt+PFFLINE.odb" not found
12:33:28.876 2016/02/06 [ODBEdit,INFO] Program ODBEdit on host localhost stopped
12:45:31.251 2016/02/06 [Analyzer,INFO] Program Analyzer on host localhost started
12:45:32.555 2016/02/06 [Analyzer,INFO] Set run number 1102 in ODB
12:51:09.914 2016/02/06 [Analyzer,INFO] Program Analyzer on host localhost stopped
12:59:48.713 2016/02/06 [Analyzer,INFO] Program Analyzer on host localhost started
12:59:49.907 2016/02/06 [Analyzer,INFO] Set run number 1092 in ODB
13:02:40.253 2016/02/06 [Analyzer,INFO] Program Analyzer on host localhost stopped
13:24:44.222 2016/02/06 [Analyzer,INFO] Program Analyzer on host localhost started
13:24:45.405 2016/02/06 [Analyzer,INFO] Set run number 1101 in ODB
13:24:50.544 2016/02/06 [Analyzer,INFO] Program Analyzer on host localhost stopped
14:00:53.292 2016/02/07 [Analyzer,INFO] Program Analyzer on host localhost started
14:00:54.436 2016/02/07 [Analyzer,INFO] Set run number 1102 in ODB
14:06:29.076 2016/02/07 [Analyzer,INFO] Program Analyzer on host localhost stopped
15:05:24.796 2016/02/07 [Analyzer,INFO] Program Analyzer on host localhost started
15:05:25.956 2016/02/07 [Analyzer,INFO] Set run number 1102 in ODB
15:11:01.722 2016/02/07 [Analyzer,INFO] Program Analyzer on host localhost stopped
15:26:33.400 2016/02/07 [ODBEdit,INFO] Program ODBEdit on host localhost started
15:36:56.336 2016/02/07 [ODBEdit,INFO] Program ODBEdit on host localhost stopped
15:38:05.802 2016/02/07 [ODBEdit,INFO] Program ODBEdit on host localhost started
15:38:48.949 2016/02/07 [ODBEdit,INFO] Program ODBEdit on host localhost stopped
15:38:55.167 2016/02/07 [ODBEdit,INFO] Program ODBEdit on host localhost started
15:46:41.631 2016/02/07 [ODBEdit,INFO] Program ODBEdit on host localhost stopped
15:46:49.711 2016/02/07 [ODBEdit,INFO] Program ODBEdit on host localhost started
15:47:22.551 2016/02/07 [ODBEdit,INFO] Program ODBEdit on host localhost stopped
15:47:29.465 2016/02/07 [Analyzer,INFO] Program Analyzer on host localhost started
15:47:30.608 2016/02/07 [Analyzer,INFO] Set run number 1102 in ODB
15:53:05.808 2016/02/07 [Analyzer,INFO] Program Analyzer on host localhost stopped
21:28:25.079 2016/02/22 [Analyzer,ERROR] [odb.c:1229:db_open_database,ERROR] Removed ODB client 'Analyzer', index 0 because process pid 21899 does not exists
21:28:25.095 2016/02/22 [Analyzer,INFO] Removed open record flag from "/Experiment/Security/RPC hosts/Allowed hosts"
21:28:25.096 2016/02/22 [Analyzer,INFO] Removed exclusive access mode from "/Experiment/Security/RPC hosts/Allowed hosts"
21:28:25.098 2016/02/22 [Analyzer,INFO] Removed open record flag from "/Analyzer/Parameters/ADC"
21:28:25.099 2016/02/22 [Analyzer,INFO] Removed exclusive access mode from "/Analyzer/Parameters/ADC"
21:28:25.100 2016/02/22 [Analyzer,INFO] Removed open record flag from "/Analyzer/Parameters/QDC"
21:28:25.101 2016/02/22 [Analyzer,INFO] Removed exclusive access mode from "/Analyzer/Parameters/QDC"
21:28:25.103 2016/02/22 [Analyzer,INFO] Removed open record flag from "/Analyzer/Parameters/focalplane"
21:28:25.104 2016/02/22 [Analyzer,INFO] Removed exclusive access mode from "/Analyzer/Parameters/focalplane"
21:28:25.105 2016/02/22 [Analyzer,INFO] Corrected 4 ODB entries
21:28:25.107 2016/02/22 [Analyzer,INFO] Deleted entry '/System/Clients/21899' for client 'Analyzer' because it is not connected to ODB
21:28:25.108 2016/02/22 [Analyzer,INFO] Program Analyzer on host localhost started
21:28:26.346 2016/02/22 [Analyzer,INFO] Set run number 1101 in ODB
21:28:31.309 2016/02/22 [Analyzer,INFO] Program Analyzer on host localhost stopped
21:48:17.109 2016/02/22 [Analyzer,ERROR] [odb.c:1229:db_open_database,ERROR] Removed ODB client 'Analyzer', index 0 because process pid 30364 does not exists
21:48:17.111 2016/02/22 [Analyzer,INFO] Removed open record flag from "/Experiment/Security/RPC hosts/Allowed hosts"
21:48:17.113 2016/02/22 [Analyzer,INFO] Removed exclusive access mode from "/Experiment/Security/RPC hosts/Allowed hosts"
21:48:17.114 2016/02/22 [Analyzer,INFO] Removed open record flag from "/Analyzer/Parameters/ADC"
21:48:17.116 2016/02/22 [Analyzer,INFO] Removed exclusive access mode from "/Analyzer/Parameters/ADC"
21:48:17.117 2016/02/22 [Analyzer,INFO] Removed open record flag from "/Analyzer/Parameters/QDC"
21:48:17.119 2016/02/22 [Analyzer,INFO] Removed exclusive access mode from "/Analyzer/Parameters/QDC"
21:48:17.120 2016/02/22 [Analyzer,INFO] Removed open record flag from "/Analyzer/Parameters/focalplane"
21:48:17.122 2016/02/22 [Analyzer,INFO] Removed exclusive access mode from "/Analyzer/Parameters/focalplane"
21:48:17.123 2016/02/22 [Analyzer,INFO] Corrected 4 ODB entries
21:48:17.124 2016/02/22 [Analyzer,INFO] Deleted entry '/System/Clients/30364' for client 'Analyzer' because it is not connected to ODB
21:48:17.126 2016/02/22 [Analyzer,INFO] Program Analyzer on host localhost started
21:48:18.265 2016/02/22 [Analyzer,INFO] Set run number 1102 in ODB
21:53:58.790 2016/02/22 [Analyzer,INFO] Program Analyzer on host localhost stopped
10:59:36.482 2016/02/23 [Analyzer,INFO] Program Analyzer on host localhost started
10:59:37.609 2016/02/23 [Analyzer,INFO] Set run number 1102 in ODB
11:05:01.016 2016/02/23 [Analyzer,INFO] Program Analyzer on host localhost stopped
17:33:43.282 2016/02/23 [Analyzer,INFO] Program Analyzer on host localhost started
17:33:44.402 2016/02/23 [Analyzer,INFO] Set run number 1101 in ODB
17:33:49.450 2016/02/23 [Analyzer,INFO] Program Analyzer on host localhost stopped
17:27:24.626 2016/07/18 [Analyzer,INFO] Program Analyzer on host localhost started
17:27:26.188 2016/07/18 [Analyzer,INFO] Set run number 1103 in ODB
17:33:01.024 2016/07/18 [Analyzer,INFO] Program Analyzer on host localhost stopped
17:33:11.302 2016/07/18 [Analyzer,INFO] Program Analyzer on host localhost started
17:33:12.589 2016/07/18 [Analyzer,INFO] Set run number 1104 in ODB
17:34:33.537 2016/07/18 [Analyzer,INFO] Program Analyzer on host localhost stopped
17:34:35.809 2016/07/18 [Analyzer,INFO] Program Analyzer on host localhost started
17:34:37.161 2016/07/18 [Analyzer,INFO] Set run number 1105 in ODB
17:42:05.067 2016/07/18 [Analyzer,INFO] Program Analyzer on host localhost stopped
17:42:13.242 2016/07/18 [Analyzer,INFO] Program Analyzer on host localhost started
17:42:14.496 2016/07/18 [Analyzer,INFO] Set run number 1106 in ODB
17:49:29.277 2016/07/18 [Analyzer,INFO] Program Analyzer on host localhost stopped
17:49:31.718 2016/07/18 [Analyzer,INFO] Program Analyzer on host localhost started
17:49:32.972 2016/07/18 [Analyzer,INFO] Set run number 1107 in ODB
17:54:46.991 2016/07/18 [Analyzer,INFO] Program Analyzer on host localhost stopped
17:54:49.439 2016/07/18 [Analyzer,INFO] Program Analyzer on host localhost started
17:54:50.711 2016/07/18 [Analyzer,INFO] Set run number 1108 in ODB
17:59:43.210 2016/07/18 [Analyzer,INFO] Program Analyzer on host localhost stopped
10:56:30.720 2016/08/02 [Analyzer,INFO] Program Analyzer on host localhost started
10:56:31.955 2016/08/02 [Analyzer,INFO] Set run number 1103 in ODB
11:03:03.891 2016/08/02 [Analyzer,INFO] Program Analyzer on host localhost stopped
11:03:05.919 2016/08/02 [Analyzer,INFO] Program Analyzer on host localhost started
11:03:07.081 2016/08/02 [Analyzer,INFO] Set run number 1104 in ODB
11:12:05.132 2016/08/02 [Analyzer,INFO] Program Analyzer on host localhost stopped
11:12:07.179 2016/08/02 [Analyzer,INFO] Program Analyzer on host localhost started
11:12:08.370 2016/08/02 [Analyzer,INFO] Set run number 1105 in ODB
11:21:00.746 2016/08/02 [Analyzer,INFO] Program Analyzer on host localhost stopped
11:21:02.977 2016/08/02 [Analyzer,INFO] Program Analyzer on host localhost started
11:21:04.216 2016/08/02 [Analyzer,INFO] Set run number 1106 in ODB
11:29:08.363 2016/08/02 [Analyzer,INFO] Program Analyzer on host localhost stopped
11:29:10.355 2016/08/02 [Analyzer,INFO] Program Analyzer on host localhost started
11:29:11.554 2016/08/02 [Analyzer,INFO] Set run number 1107 in ODB
11:34:56.368 2016/08/02 [Analyzer,INFO] Program Analyzer on host localhost stopped
11:34:58.428 2016/08/02 [Analyzer,INFO] Program Analyzer on host localhost started
11:34:59.632 2016/08/02 [Analyzer,INFO] Set run number 1108 in ODB
11:40:00.676 2016/08/02 [Analyzer,INFO] Program Analyzer on host localhost stopped
11:47:25.257 2016/08/02 [Analyzer,INFO] Program Analyzer on host localhost started
11:47:26.603 2016/08/02 [Analyzer,INFO] Set run number 1097 in ODB
11:50:47.914 2016/08/02 [Analyzer,INFO] Program Analyzer on host localhost stopped
12:44:22.633 2016/08/02 [Analyzer,INFO] Program Analyzer on host localhost started
12:44:23.957 2016/08/02 [Analyzer,INFO] Set run number 1097 in ODB
14:50:05.780 2016/08/02 [Analyzer,ERROR] [odb.c:1229:db_open_database,ERROR] Removed ODB client 'Analyzer', index 0 because process pid 28316 does not exists
14:50:05.784 2016/08/02 [Analyzer,INFO] Removed open record flag from "/Experiment/Security/RPC hosts/Allowed hosts"
14:50:05.785 2016/08/02 [Analyzer,INFO] Removed exclusive access mode from "/Experiment/Security/RPC hosts/Allowed hosts"
14:50:05.786 2016/08/02 [Analyzer,INFO] Removed open record flag from "/Experiment/Run Parameters"
14:50:05.788 2016/08/02 [Analyzer,INFO] Removed exclusive access mode from "/Experiment/Run Parameters"
14:50:05.789 2016/08/02 [Analyzer,INFO] Removed open record flag from "/Analyzer/Parameters/ADC"
14:50:05.791 2016/08/02 [Analyzer,INFO] Removed exclusive access mode from "/Analyzer/Parameters/ADC"
14:50:05.792 2016/08/02 [Analyzer,INFO] Removed open record flag from "/Analyzer/Parameters/QDC"
14:50:05.793 2016/08/02 [Analyzer,INFO] Removed exclusive access mode from "/Analyzer/Parameters/QDC"
14:50:05.795 2016/08/02 [Analyzer,INFO] Removed open record flag from "/Analyzer/Parameters/focalplane"
14:50:05.796 2016/08/02 [Analyzer,INFO] Removed exclusive access mode from "/Analyzer/Parameters/focalplane"
14:50:05.797 2016/08/02 [Analyzer,INFO] Removed open record flag from "/Analyzer/Trigger/Common"
14:50:05.799 2016/08/02 [Analyzer,INFO] Removed exclusive access mode from "/Analyzer/Trigger/Common"
14:50:05.800 2016/08/02 [Analyzer,INFO] Removed open record flag from "/Analyzer/Trigger/Statistics"
14:50:05.801 2016/08/02 [Analyzer,INFO] Removed exclusive access mode from "/Analyzer/Trigger/Statistics"
14:50:05.803 2016/08/02 [Analyzer,INFO] Removed open record flag from "/Analyzer/Scaler/Common"
14:50:05.804 2016/08/02 [Analyzer,INFO] Removed exclusive access mode from "/Analyzer/Scaler/Common"
14:50:05.806 2016/08/02 [Analyzer,INFO] Removed open record flag from "/Analyzer/Scaler/Statistics"
14:50:05.807 2016/08/02 [Analyzer,INFO] Removed exclusive access mode from "/Analyzer/Scaler/Statistics"
14:50:05.808 2016/08/02 [Analyzer,INFO] Corrected 9 ODB entries
14:50:05.810 2016/08/02 [Analyzer,INFO] Deleted entry '/System/Clients/28316' for client 'Analyzer' because it is not connected to ODB
14:50:05.811 2016/08/02 [Analyzer,INFO] Program Analyzer on host localhost started
14:50:05.812 2016/08/02 [Analyzer,INFO] Client 'Analyzer' on buffer 'SYSMSG' removed by bm_open_buffer because process pid 28316 does not exist
14:50:06.961 2016/08/02 [Analyzer,INFO] Set run number 1097 in ODB
14:53:07.561 2016/08/02 [Analyzer,INFO] Program Analyzer on host localhost stopped
18:56:37.674 2016/08/09 [Analyzer,INFO] Program Analyzer on host localhost started
18:56:39.155 2016/08/09 [Analyzer,INFO] Set run number 1097 in ODB
19:00:14.514 2016/08/09 [Analyzer,INFO] Program Analyzer on host localhost stopped
22:41:35.145 2016/09/28 [Analyzer,INFO] Program Analyzer on host localhost started
22:41:36.826 2016/09/28 [Analyzer,INFO] Set run number 1097 in ODB
22:46:49.894 2016/09/28 [Analyzer,INFO] Program Analyzer on host localhost stopped
22:42:09.269 2016/10/25 [Analyzer,INFO] Program Analyzer on host localhost started
22:42:10.947 2016/10/25 [Analyzer,INFO] Set run number 1114 in ODB
22:42:13.213 2016/10/25 [Analyzer,INFO] Program Analyzer on host localhost stopped
22:44:19.337 2016/10/25 [Analyzer,INFO] Program Analyzer on host localhost started
22:44:20.527 2016/10/25 [Analyzer,INFO] Set run number 1116 in ODB
22:46:37.825 2016/10/25 [Analyzer,INFO] Program Analyzer on host localhost stopped
22:46:43.057 2016/10/25 [Analyzer,INFO] Program Analyzer on host localhost started
22:46:44.219 2016/10/25 [Analyzer,INFO] Set run number 1117 in ODB
22:48:17.115 2016/10/25 [Analyzer,INFO] Program Analyzer on host localhost stopped
22:48:22.367 2016/10/25 [Analyzer,INFO] Program Analyzer on host localhost started
22:48:23.527 2016/10/25 [Analyzer,INFO] Set run number 1118 in ODB
22:50:24.181 2016/10/25 [Analyzer,INFO] Program Analyzer on host localhost stopped
22:52:55.403 2016/10/25 [Analyzer,INFO] Program Analyzer on host localhost started
22:52:56.590 2016/10/25 [Analyzer,INFO] Set run number 1128 in ODB
23:02:38.412 2016/10/25 [Analyzer,INFO] Program Analyzer on host localhost stopped
23:15:09.624 2016/10/25 [Analyzer,INFO] Program Analyzer on host localhost started
23:15:10.800 2016/10/25 [Analyzer,INFO] Set run number 1130 in ODB
23:18:29.192 2016/10/25 [Analyzer,INFO] Program Analyzer on host localhost stopped
23:18:34.486 2016/10/25 [Analyzer,INFO] Program Analyzer on host localhost started
23:18:35.679 2016/10/25 [Analyzer,INFO] Set run number 1131 in ODB
23:22:49.827 2016/10/25 [Analyzer,INFO] Program Analyzer on host localhost stopped
23:22:55.201 2016/10/25 [Analyzer,INFO] Program Analyzer on host localhost started
23:22:56.368 2016/10/25 [Analyzer,INFO] Set run number 1132 in ODB
23:24:59.074 2016/10/25 [Analyzer,INFO] Program Analyzer on host localhost stopped
23:25:04.383 2016/10/25 [Analyzer,INFO] Program Analyzer on host localhost started
23:25:05.593 2016/10/25 [Analyzer,INFO] Set run number 1133 in ODB
23:28:48.119 2016/10/25 [Analyzer,INFO] Program Analyzer on host localhost stopped
23:28:53.520 2016/10/25 [Analyzer,INFO] Program Analyzer on host localhost started
23:28:54.682 2016/10/25 [Analyzer,INFO] Set run number 1134 in ODB
23:33:14.174 2016/10/25 [Analyzer,INFO] Program Analyzer on host localhost stopped
23:33:19.632 2016/10/25 [Analyzer,INFO] Program Analyzer on host localhost started
23:33:20.771 2016/10/25 [Analyzer,INFO] Set run number 1135 in ODB
23:34:16.956 2016/10/25 [Analyzer,INFO] Program Analyzer on host localhost stopped
23:34:22.303 2016/10/25 [Analyzer,INFO] Program Analyzer on host localhost started
23:34:23.457 2016/10/25 [Analyzer,INFO] Set run number 1136 in ODB
23:37:01.914 2016/10/25 [Analyzer,INFO] Program Analyzer on host localhost stopped
20:20:07.519 2017/01/27 [Analyzer,INFO] Program Analyzer on host localhost started
20:20:09.209 2017/01/27 [Analyzer,INFO] Set run number 1130 in ODB
20:21:26.183 2017/01/27 [Analyzer,INFO] Program Analyzer on host localhost stopped
20:21:33.152 2017/01/27 [Analyzer,INFO] Program Analyzer on host localhost started
20:21:33.564 2017/01/27 [Analyzer,INFO] Set run number 1131 in ODB
20:23:13.218 2017/01/27 [Analyzer,INFO] Program Analyzer on host localhost stopped
20:23:20.205 2017/01/27 [Analyzer,INFO] Program Analyzer on host localhost started
20:23:20.630 2017/01/27 [Analyzer,INFO] Set run number 1132 in ODB
20:24:55.229 2017/01/27 [Analyzer,INFO] Program Analyzer on host localhost stopped
20:25:02.238 2017/01/27 [Analyzer,INFO] Program Analyzer on host localhost started
20:25:02.763 2017/01/27 [Analyzer,INFO] Set run number 1133 in ODB
20:26:29.548 2017/01/27 [Analyzer,INFO] Program Analyzer on host localhost stopped
20:26:36.524 2017/01/27 [Analyzer,INFO] Program Analyzer on host localhost started
20:26:36.919 2017/01/27 [Analyzer,INFO] Set run number 1134 in ODB
20:28:17.417 2017/01/27 [Analyzer,INFO] Program Analyzer on host localhost stopped
20:28:24.270 2017/01/27 [Analyzer,INFO] Program Analyzer on host localhost started
20:28:24.673 2017/01/27 [Analyzer,INFO] Set run number 1135 in ODB
20:28:46.313 2017/01/27 [Analyzer,INFO] Program Analyzer on host localhost stopped
20:28:53.448 2017/01/27 [Analyzer,INFO] Program Analyzer on host localhost started
20:28:53.849 2017/01/27 [Analyzer,INFO] Set run number 1136 in ODB
20:29:55.136 2017/01/27 [Analyzer,INFO] Program Analyzer on host localhost stopped
20:41:37.729 2017/01/27 [Analyzer,INFO] Program Analyzer on host localhost started
20:41:38.141 2017/01/27 [Analyzer,INFO] Set run number 1130 in ODB
20:42:53.629 2017/01/27 [Analyzer,INFO] Program Analyzer on host localhost stopped
20:43:00.506 2017/01/27 [Analyzer,INFO] Program Analyzer on host localhost started
20:43:00.893 2017/01/27 [Analyzer,INFO] Set run number 1131 in ODB
20:44:43.744 2017/01/27 [Analyzer,INFO] Program Analyzer on host localhost stopped
20:50:12.427 2017/02/02 [Analyzer,INFO] Program Analyzer on host localhost started
20:50:13.057 2017/02/02 [Analyzer,INFO] Set run number 2047 in ODB
20:51:43.670 2017/02/02 [Analyzer,INFO] Program Analyzer on host localhost stopped
20:51:49.867 2017/02/02 [Analyzer,INFO] Program Analyzer on host localhost started
20:51:50.273 2017/02/02 [Analyzer,INFO] Set run number 2048 in ODB
20:53:10.835 2017/02/02 [Analyzer,INFO] Program Analyzer on host localhost stopped
20:53:17.359 2017/02/02 [Analyzer,INFO] Program Analyzer on host localhost started
20:53:17.767 2017/02/02 [Analyzer,INFO] Set run number 2049 in ODB
20:55:04.258 2017/02/02 [Analyzer,INFO] Program Analyzer on host localhost stopped
20:55:10.288 2017/02/02 [Analyzer,INFO] Program Analyzer on host localhost started
20:55:10.683 2017/02/02 [Analyzer,INFO] Set run number 2050 in ODB
20:56:36.163 2017/02/02 [Analyzer,INFO] Program Analyzer on host localhost stopped
20:56:42.756 2017/02/02 [Analyzer,INFO] Program Analyzer on host localhost started
20:56:43.188 2017/02/02 [Analyzer,INFO] Set run number 2051 in ODB
20:58:20.055 2017/02/02 [Analyzer,INFO] Program Analyzer on host localhost stopped
22:08:24.549 2017/02/02 [ODBEdit,INFO] Program ODBEdit on host localhost started
22:08:36.827 2017/02/02 [ODBEdit,INFO] Program ODBEdit on host localhost stopped
22:09:07.953 2017/02/02 [Analyzer,INFO] Program Analyzer on host localhost started
22:09:08.339 2017/02/02 [Analyzer,INFO] Set run number 2047 in ODB
22:10:34.526 2017/02/02 [Analyzer,INFO] Program Analyzer on host localhost stopped
22:10:41.000 2017/02/02 [Analyzer,INFO] Program Analyzer on host localhost started
22:10:41.375 2017/02/02 [Analyzer,INFO] Set run number 2048 in ODB
22:12:02.193 2017/02/02 [Analyzer,INFO] Program Analyzer on host localhost stopped
22:12:08.742 2017/02/02 [Analyzer,INFO] Program Analyzer on host localhost started
22:12:09.113 2017/02/02 [Analyzer,INFO] Set run number 2049 in ODB
22:14:02.554 2017/02/02 [Analyzer,INFO] Program Analyzer on host localhost stopped
22:14:09.202 2017/02/02 [Analyzer,INFO] Program Analyzer on host localhost started
22:14:09.559 2017/02/02 [Analyzer,INFO] Set run number 2050 in ODB
22:15:32.604 2017/02/02 [Analyzer,INFO] Program Analyzer on host localhost stopped
22:15:39.236 2017/02/02 [Analyzer,INFO] Program Analyzer on host localhost started
22:15:39.605 2017/02/02 [Analyzer,INFO] Set run number 2051 in ODB
22:17:13.022 2017/02/02 [Analyzer,INFO] Program Analyzer on host localhost stopped
22:25:33.944 2017/02/02 [ODBEdit,INFO] Program ODBEdit on host localhost started
22:27:41.986 2017/02/02 [ODBEdit,INFO] Program ODBEdit on host localhost stopped
22:27:51.671 2017/02/02 [Analyzer,INFO] Program Analyzer on host localhost started
22:27:52.087 2017/02/02 [Analyzer,INFO] Set run number 2047 in ODB
22:27:55.128 2017/02/02 [Analyzer,INFO] Program Analyzer on host localhost stopped
22:29:07.723 2017/02/02 [ODBEdit,INFO] Program ODBEdit on host localhost started
22:30:04.017 2017/02/02 [ODBEdit,INFO] Program ODBEdit on host localhost stopped
22:30:12.114 2017/02/02 [Analyzer,INFO] Program Analyzer on host localhost started
22:30:12.484 2017/02/02 [Analyzer,INFO] Set run number 2047 in ODB
22:31:37.827 2017/02/02 [Analyzer,INFO] Program Analyzer on host localhost stopped
22:31:44.065 2017/02/02 [Analyzer,INFO] Program Analyzer on host localhost started
22:31:44.429 2017/02/02 [Analyzer,INFO] Set run number 2048 in ODB
22:33:14.879 2017/02/02 [Analyzer,INFO] Program Analyzer on host localhost stopped
22:33:21.315 2017/02/02 [Analyzer,INFO] Program Analyzer on host localhost started
22:33:21.685 2017/02/02 [Analyzer,INFO] Set run number 2049 in ODB
22:35:08.164 2017/02/02 [Analyzer,INFO] Program Analyzer on host localhost stopped
22:35:14.988 2017/02/02 [Analyzer,INFO] Program Analyzer on host localhost started
22:35:15.364 2017/02/02 [Analyzer,INFO] Set run number 2050 in ODB
22:36:42.526 2017/02/02 [Analyzer,INFO] Program Analyzer on host localhost stopped
22:36:48.817 2017/02/02 [Analyzer,INFO] Program Analyzer on host localhost started
22:36:49.181 2017/02/02 [Analyzer,INFO] Set run number 2051 in ODB
22:38:18.732 2017/02/02 [Analyzer,INFO] Program Analyzer on host localhost stopped
22:51:34.956 2017/02/02 [ODBEdit,INFO] Program ODBEdit on host localhost started
22:52:34.449 2017/02/02 [ODBEdit1,INFO] Program ODBEdit1 on host localhost started
22:52:43.395 2017/02/02 [ODBEdit,INFO] Program ODBEdit on host localhost stopped
22:52:58.316 2017/02/02 [ODBEdit1,INFO] Program ODBEdit1 on host localhost stopped
22:53:06.111 2017/02/02 [Analyzer,INFO] Program Analyzer on host localhost started
22:53:06.512 2017/02/02 [Analyzer,INFO] Set run number 2047 in ODB
22:54:39.821 2017/02/02 [Analyzer,INFO] Program Analyzer on host localhost stopped
22:54:46.254 2017/02/02 [Analyzer,INFO] Program Analyzer on host localhost started
22:54:46.625 2017/02/02 [Analyzer,INFO] Set run number 2048 in ODB
22:56:07.174 2017/02/02 [Analyzer,INFO] Program Analyzer on host localhost stopped
22:56:13.504 2017/02/02 [Analyzer,INFO] Program Analyzer on host localhost started
22:56:13.884 2017/02/02 [Analyzer,INFO] Set run number 2049 in ODB
22:57:59.239 2017/02/02 [Analyzer,INFO] Program Analyzer on host localhost stopped
22:58:05.766 2017/02/02 [Analyzer,INFO] Program Analyzer on host localhost started
22:58:06.155 2017/02/02 [Analyzer,INFO] Set run number 2050 in ODB
22:59:28.898 2017/02/02 [Analyzer,INFO] Program Analyzer on host localhost stopped
22:59:35.442 2017/02/02 [Analyzer,INFO] Program Analyzer on host localhost started
22:59:35.836 2017/02/02 [Analyzer,INFO] Set run number 2051 in ODB
23:01:10.137 2017/02/02 [Analyzer,INFO] Program Analyzer on host localhost stopped
11:56:26.625 2017/02/03 [ODBEdit,INFO] Program ODBEdit on host localhost started
11:59:19.548 2017/02/03 [ODBEdit,INFO] Program ODBEdit on host localhost stopped
11:59:38.765 2017/02/03 [Analyzer,INFO] Program Analyzer on host localhost started
11:59:39.626 2017/02/03 [Analyzer,INFO] Set run number 2047 in ODB
12:00:58.987 2017/02/03 [Analyzer,INFO] Program Analyzer on host localhost stopped
12:01:03.335 2017/02/03 [Analyzer,INFO] Program Analyzer on host localhost started
12:01:03.713 2017/02/03 [Analyzer,INFO] Set run number 2048 in ODB
12:02:20.417 2017/02/03 [Analyzer,INFO] Program Analyzer on host localhost stopped
12:02:24.824 2017/02/03 [Analyzer,INFO] Program Analyzer on host localhost started
12:02:25.196 2017/02/03 [Analyzer,INFO] Set run number 2049 in ODB
12:04:07.020 2017/02/03 [Analyzer,INFO] Program Analyzer on host localhost stopped
12:04:11.347 2017/02/03 [Analyzer,INFO] Program Analyzer on host localhost started
12:04:11.725 2017/02/03 [Analyzer,INFO] Set run number 2050 in ODB
12:05:32.893 2017/02/03 [Analyzer,INFO] Program Analyzer on host localhost stopped
12:05:37.347 2017/02/03 [Analyzer,INFO] Program Analyzer on host localhost started
12:05:37.722 2017/02/03 [Analyzer,INFO] Set run number 2051 in ODB
12:07:11.375 2017/02/03 [Analyzer,INFO] Program Analyzer on host localhost stopped
13:34:02.647 2017/02/03 [ODBEdit,INFO] Program ODBEdit on host localhost started
13:34:57.971 2017/02/03 [ODBEdit,INFO] Program ODBEdit on host localhost stopped
13:35:05.257 2017/02/03 [Analyzer,INFO] Program Analyzer on host localhost started
13:35:05.666 2017/02/03 [Analyzer,INFO] Set run number 2047 in ODB
13:36:32.376 2017/02/03 [Analyzer,INFO] Program Analyzer on host localhost stopped
13:36:36.895 2017/02/03 [Analyzer,INFO] Program Analyzer on host localhost started
13:36:37.261 2017/02/03 [Analyzer,INFO] Set run number 2048 in ODB
13:37:58.047 2017/02/03 [Analyzer,INFO] Program Analyzer on host localhost stopped
13:38:02.725 2017/02/03 [Analyzer,INFO] Program Analyzer on host localhost started
13:38:03.116 2017/02/03 [Analyzer,INFO] Set run number 2049 in ODB
13:39:43.590 2017/02/03 [Analyzer,INFO] Program Analyzer on host localhost stopped
13:39:47.976 2017/02/03 [Analyzer,INFO] Program Analyzer on host localhost started
13:39:48.350 2017/02/03 [Analyzer,INFO] Set run number 2050 in ODB
13:41:22.366 2017/02/03 [Analyzer,INFO] Program Analyzer on host localhost stopped
13:41:27.130 2017/02/03 [Analyzer,INFO] Program Analyzer on host localhost started
13:41:27.498 2017/02/03 [Analyzer,INFO] Set run number 2051 in ODB
13:43:00.816 2017/02/03 [Analyzer,INFO] Program Analyzer on host localhost stopped
15:45:48.703 2017/02/03 [ODBEdit,INFO] Program ODBEdit on host localhost started
15:46:38.851 2017/02/03 [ODBEdit,INFO] Program ODBEdit on host localhost stopped
15:46:46.013 2017/02/03 [Analyzer,INFO] Program Analyzer on host localhost started
15:46:46.391 2017/02/03 [Analyzer,INFO] Set run number 2047 in ODB
15:48:12.307 2017/02/03 [Analyzer,INFO] Program Analyzer on host localhost stopped
15:48:16.911 2017/02/03 [Analyzer,INFO] Program Analyzer on host localhost started
15:48:17.280 2017/02/03 [Analyzer,INFO] Set run number 2048 in ODB
15:49:35.067 2017/02/03 [Analyzer,INFO] Program Analyzer on host localhost stopped
15:49:39.670 2017/02/03 [Analyzer,INFO] Program Analyzer on host localhost started
15:49:40.049 2017/02/03 [Analyzer,INFO] Set run number 2049 in ODB
15:51:29.864 2017/02/03 [Analyzer,INFO] Program Analyzer on host localhost stopped
15:51:34.460 2017/02/03 [Analyzer,INFO] Program Analyzer on host localhost started
15:51:34.841 2017/02/03 [Analyzer,INFO] Set run number 2050 in ODB
15:53:05.838 2017/02/03 [Analyzer,INFO] Program Analyzer on host localhost stopped
15:53:10.497 2017/02/03 [Analyzer,INFO] Program Analyzer on host localhost started
15:53:10.869 2017/02/03 [Analyzer,INFO] Set run number 2051 in ODB
15:54:44.324 2017/02/03 [Analyzer,INFO] Program Analyzer on host localhost stopped
16:06:27.441 2017/02/03 [ODBEdit,INFO] Program ODBEdit on host localhost started
16:07:45.217 2017/02/03 [ODBEdit,INFO] Program ODBEdit on host localhost stopped
16:07:52.954 2017/02/03 [Analyzer,INFO] Program Analyzer on host localhost started
16:07:53.390 2017/02/03 [Analyzer,INFO] Set run number 2047 in ODB
16:09:18.846 2017/02/03 [Analyzer,INFO] Program Analyzer on host localhost stopped
16:09:23.273 2017/02/03 [Analyzer,INFO] Program Analyzer on host localhost started
16:09:23.638 2017/02/03 [Analyzer,INFO] Set run number 2048 in ODB
16:10:44.244 2017/02/03 [Analyzer,INFO] Program Analyzer on host localhost stopped
16:10:48.605 2017/02/03 [Analyzer,INFO] Program Analyzer on host localhost started
16:10:48.982 2017/02/03 [Analyzer,INFO] Set run number 2049 in ODB
16:12:34.762 2017/02/03 [Analyzer,INFO] Program Analyzer on host localhost stopped
16:12:39.157 2017/02/03 [Analyzer,INFO] Program Analyzer on host localhost started
16:12:39.535 2017/02/03 [Analyzer,INFO] Set run number 2050 in ODB
16:14:11.265 2017/02/03 [Analyzer,INFO] Program Analyzer on host localhost stopped
16:14:15.901 2017/02/03 [Analyzer,INFO] Program Analyzer on host localhost started
16:14:16.284 2017/02/03 [Analyzer,INFO] Set run number 2051 in ODB
16:15:50.078 2017/02/03 [Analyzer,INFO] Program Analyzer on host localhost stopped
16:25:49.173 2017/02/03 [ODBEdit,INFO] Program ODBEdit on host localhost started
16:28:15.759 2017/02/03 [ODBEdit,INFO] Program ODBEdit on host localhost stopped
16:28:23.456 2017/02/03 [Analyzer,INFO] Program Analyzer on host localhost started
16:28:23.828 2017/02/03 [Analyzer,INFO] Set run number 2047 in ODB
16:29:46.687 2017/02/03 [Analyzer,INFO] Program Analyzer on host localhost stopped
16:29:51.328 2017/02/03 [Analyzer,INFO] Program Analyzer on host localhost started
16:29:51.714 2017/02/03 [Analyzer,INFO] Set run number 2048 in ODB
16:31:11.329 2017/02/03 [Analyzer,INFO] Program Analyzer on host localhost stopped
16:31:15.689 2017/02/03 [Analyzer,INFO] Program Analyzer on host localhost started
16:31:16.070 2017/02/03 [Analyzer,INFO] Set run number 2049 in ODB
16:33:01.339 2017/02/03 [Analyzer,INFO] Program Analyzer on host localhost stopped
16:33:05.965 2017/02/03 [Analyzer,INFO] Program Analyzer on host localhost started
16:33:06.337 2017/02/03 [Analyzer,INFO] Set run number 2050 in ODB
16:34:40.566 2017/02/03 [Analyzer,INFO] Program Analyzer on host localhost stopped
16:34:45.305 2017/02/03 [Analyzer,INFO] Program Analyzer on host localhost started
16:34:45.699 2017/02/03 [Analyzer,INFO] Set run number 2051 in ODB
16:36:19.158 2017/02/03 [Analyzer,INFO] Program Analyzer on host localhost stopped
17:11:04.889 2017/02/03 [ODBEdit,INFO] Program ODBEdit on host localhost started
17:12:55.350 2017/02/03 [ODBEdit,INFO] Program ODBEdit on host localhost stopped
17:13:03.751 2017/02/03 [Analyzer,INFO] Program Analyzer on host localhost started
17:13:04.152 2017/02/03 [Analyzer,INFO] Set run number 2047 in ODB
17:14:36.249 2017/02/03 [Analyzer,INFO] Program Analyzer on host localhost stopped
17:14:40.895 2017/02/03 [Analyzer,INFO] Program Analyzer on host localhost started
17:14:41.275 2017/02/03 [Analyzer,INFO] Set run number 2048 in ODB
17:16:00.508 2017/02/03 [Analyzer,INFO] Program Analyzer on host localhost stopped
17:16:04.988 2017/02/03 [Analyzer,INFO] Program Analyzer on host localhost started
17:16:05.355 2017/02/03 [Analyzer,INFO] Set run number 2049 in ODB
17:17:50.048 2017/02/03 [Analyzer,INFO] Program Analyzer on host localhost stopped
17:17:54.457 2017/02/03 [Analyzer,INFO] Program Analyzer on host localhost started
17:17:54.823 2017/02/03 [Analyzer,INFO] Set run number 2050 in ODB
17:19:16.209 2017/02/03 [Analyzer,INFO] Program Analyzer on host localhost stopped
17:19:20.601 2017/02/03 [Analyzer,INFO] Program Analyzer on host localhost started
17:19:20.971 2017/02/03 [Analyzer,INFO] Set run number 2051 in ODB
17:20:53.884 2017/02/03 [Analyzer,INFO] Program Analyzer on host localhost stopped
15:15:12.339 2018/01/14 [Analyzer,INFO] Program Analyzer on host localhost started
15:15:12.670 2018/01/14 [Analyzer,INFO] Set run number 1104 in ODB
15:18:25.394 2018/01/14 [Analyzer,INFO] Program Analyzer on host localhost stopped
15:27:55.066 2018/01/14 [Analyzer,INFO] Program Analyzer on host localhost started
15:27:55.402 2018/01/14 [Analyzer,INFO] Set run number 1102 in ODB
15:30:42.395 2018/01/14 [Analyzer,INFO] Program Analyzer on host localhost stopped
15:30:42.589 2018/01/14 [Analyzer,INFO] Program Analyzer on host localhost started
15:30:42.943 2018/01/14 [Analyzer,INFO] Set run number 1103 in ODB
15:33:16.168 2018/01/14 [Analyzer,INFO] Program Analyzer on host localhost stopped
15:33:16.356 2018/01/14 [Analyzer,INFO] Program Analyzer on host localhost started
15:33:16.689 2018/01/14 [Analyzer,INFO] Set run number 1104 in ODB
15:36:33.256 2018/01/14 [Analyzer,INFO] Program Analyzer on host localhost stopped
15:36:33.445 2018/01/14 [Analyzer,INFO] Program Analyzer on host localhost started
15:36:33.769 2018/01/14 [Analyzer,INFO] Set run number 1105 in ODB
15:40:08.985 2018/01/14 [Analyzer,INFO] Program Analyzer on host localhost stopped
15:40:09.193 2018/01/14 [Analyzer,INFO] Program Analyzer on host localhost started
15:40:09.518 2018/01/14 [Analyzer,INFO] Set run number 1106 in ODB
15:43:00.283 2018/01/14 [Analyzer,INFO] Program Analyzer on host localhost stopped
15:43:00.604 2018/01/14 [Analyzer,INFO] Program Analyzer on host localhost started
15:43:00.937 2018/01/14 [Analyzer,INFO] Set run number 1107 in ODB
15:45:05.602 2018/01/14 [Analyzer,INFO] Program Analyzer on host localhost stopped
15:45:05.802 2018/01/14 [Analyzer,INFO] Program Analyzer on host localhost started
15:45:06.126 2018/01/14 [Analyzer,INFO] Set run number 1108 in ODB
15:46:59.690 2018/01/14 [Analyzer,INFO] Program Analyzer on host localhost stopped
16:56:49.036 2018/01/20 [ODBEdit,INFO] Program ODBEdit on host localhost started
16:59:20.179 2018/01/20 [ODBEdit,INFO] Program ODBEdit on host localhost stopped
16:59:46.498 2018/01/20 [Analyzer,INFO] Program Analyzer on host localhost started
16:59:46.829 2018/01/20 [Analyzer,INFO] Set run number 1102 in ODB
17:02:05.785 2018/01/20 [Analyzer,INFO] Program Analyzer on host localhost stopped
17:02:06.010 2018/01/20 [Analyzer,INFO] Program Analyzer on host localhost started
17:02:06.358 2018/01/20 [Analyzer,INFO] Set run number 1103 in ODB
17:04:38.480 2018/01/20 [Analyzer,INFO] Program Analyzer on host localhost stopped
17:04:38.969 2018/01/20 [Analyzer,INFO] Program Analyzer on host localhost started
17:04:39.298 2018/01/20 [Analyzer,INFO] Set run number 1104 in ODB
17:07:55.011 2018/01/20 [Analyzer,INFO] Program Analyzer on host localhost stopped
17:07:55.235 2018/01/20 [Analyzer,INFO] Program Analyzer on host localhost started
17:07:55.583 2018/01/20 [Analyzer,INFO] Set run number 1105 in ODB
17:11:35.612 2018/01/20 [Analyzer,INFO] Program Analyzer on host localhost stopped
17:11:35.827 2018/01/20 [Analyzer,INFO] Program Analyzer on host localhost started
17:11:36.158 2018/01/20 [Analyzer,INFO] Set run number 1106 in ODB
17:14:31.659 2018/01/20 [Analyzer,INFO] Program Analyzer on host localhost stopped
17:14:31.861 2018/01/20 [Analyzer,INFO] Program Analyzer on host localhost started
17:14:32.211 2018/01/20 [Analyzer,INFO] Set run number 1107 in ODB
17:16:40.152 2018/01/20 [Analyzer,INFO] Program Analyzer on host localhost stopped
17:16:40.385 2018/01/20 [Analyzer,INFO] Program Analyzer on host localhost started
17:16:40.742 2018/01/20 [Analyzer,INFO] Set run number 1108 in ODB
17:18:36.634 2018/01/20 [Analyzer,INFO] Program Analyzer on host localhost stopped
15:41:18.087 2018/01/21 [ODBEdit,INFO] Program ODBEdit on host localhost started
15:42:17.388 2018/01/21 [ODBEdit,INFO] Program ODBEdit on host localhost stopped
15:43:05.647 2018/01/21 [Analyzer,INFO] Program Analyzer on host localhost started
15:43:05.983 2018/01/21 [Analyzer,INFO] Set run number 1102 in ODB
15:45:23.964 2018/01/21 [Analyzer,INFO] Program Analyzer on host localhost stopped
15:45:24.158 2018/01/21 [Analyzer,INFO] Program Analyzer on host localhost started
15:45:24.520 2018/01/21 [Analyzer,INFO] Set run number 1103 in ODB
15:47:56.514 2018/01/21 [Analyzer,INFO] Program Analyzer on host localhost stopped
15:47:56.711 2018/01/21 [Analyzer,INFO] Program Analyzer on host localhost started
15:47:57.050 2018/01/21 [Analyzer,INFO] Set run number 1104 in ODB
15:51:05.814 2018/01/21 [Analyzer,INFO] Program Analyzer on host localhost stopped
15:51:06.169 2018/01/21 [Analyzer,INFO] Program Analyzer on host localhost started
15:51:06.501 2018/01/21 [Analyzer,INFO] Set run number 1105 in ODB
15:54:41.680 2018/01/21 [Analyzer,INFO] Program Analyzer on host localhost stopped
15:54:41.881 2018/01/21 [Analyzer,INFO] Program Analyzer on host localhost started
15:54:42.208 2018/01/21 [Analyzer,INFO] Set run number 1106 in ODB
15:57:34.604 2018/01/21 [Analyzer,INFO] Program Analyzer on host localhost stopped
15:57:34.859 2018/01/21 [Analyzer,INFO] Program Analyzer on host localhost started
15:57:35.224 2018/01/21 [Analyzer,INFO] Set run number 1107 in ODB
15:59:43.231 2018/01/21 [Analyzer,INFO] Program Analyzer on host localhost stopped
15:59:43.575 2018/01/21 [Analyzer,INFO] Program Analyzer on host localhost started
15:59:43.917 2018/01/21 [Analyzer,INFO] Set run number 1108 in ODB
16:01:41.372 2018/01/21 [Analyzer,INFO] Program Analyzer on host localhost stopped
16:30:51.569 2018/01/21 [ODBEdit,INFO] Program ODBEdit on host localhost started
16:31:57.490 2018/01/21 [ODBEdit,ERROR] [odb.c:6893:db_save,ERROR] Cannot open file ""
16:32:10.993 2018/01/21 [ODBEdit,INFO] Program ODBEdit on host localhost stopped
16:32:17.875 2018/01/21 [ODBEdit,INFO] Program ODBEdit on host localhost started
16:32:36.068 2018/01/21 [Analyzer,INFO] Program Analyzer on host localhost started
16:32:36.396 2018/01/21 [Analyzer,INFO] Set run number 1102 in ODB
16:34:57.176 2018/01/21 [Analyzer,INFO] Program Analyzer on host localhost stopped
16:34:57.391 2018/01/21 [Analyzer,INFO] Program Analyzer on host localhost started
16:34:57.707 2018/01/21 [Analyzer,INFO] Set run number 1103 in ODB
16:37:23.315 2018/01/21 [Analyzer,INFO] Program Analyzer on host localhost stopped
16:37:23.504 2018/01/21 [Analyzer,INFO] Program Analyzer on host localhost started
16:37:23.826 2018/01/21 [Analyzer,INFO] Set run number 1104 in ODB
16:40:29.249 2018/01/21 [Analyzer,INFO] Program Analyzer on host localhost stopped
16:40:29.482 2018/01/21 [Analyzer,INFO] Program Analyzer on host localhost started
16:40:29.796 2018/01/21 [Analyzer,INFO] Set run number 1105 in ODB
16:44:00.447 2018/01/21 [Analyzer,INFO] Program Analyzer on host localhost stopped
16:44:00.653 2018/01/21 [Analyzer,INFO] Program Analyzer on host localhost started
16:44:00.966 2018/01/21 [Analyzer,INFO] Set run number 1106 in ODB
16:46:53.884 2018/01/21 [Analyzer,INFO] Program Analyzer on host localhost stopped
16:46:54.073 2018/01/21 [Analyzer,INFO] Program Analyzer on host localhost started
16:46:54.396 2018/01/21 [Analyzer,INFO] Set run number 1107 in ODB
16:48:57.895 2018/01/21 [Analyzer,INFO] Program Analyzer on host localhost stopped
16:48:58.077 2018/01/21 [Analyzer,INFO] Program Analyzer on host localhost started
16:48:58.410 2018/01/21 [Analyzer,INFO] Set run number 1108 in ODB
16:50:53.216 2018/01/21 [Analyzer,INFO] Program Analyzer on host localhost stopped
19:56:08.179 2018/01/23 [ODBEdit,INFO] Program ODBEdit on host localhost stopped
10:28:18.023 2018/02/02 [ODBEdit,INFO] Program ODBEdit on host localhost started
10:28:37.626 2018/02/02 [ODBEdit,INFO] Program ODBEdit on host localhost stopped
10:41:20.993 2018/02/02 [Analyzer,INFO] Program Analyzer on host localhost started
10:41:21.355 2018/02/02 [Analyzer,INFO] Set run number 1103 in ODB
10:43:48.728 2018/02/02 [Analyzer,INFO] Program Analyzer on host localhost stopped
10:49:55.306 2018/02/02 [Analyzer,INFO] Program Analyzer on host localhost started
10:49:55.645 2018/02/02 [Analyzer,INFO] Set run number 1102 in ODB
10:52:48.733 2018/02/02 [Analyzer,INFO] Program Analyzer on host localhost stopped
10:55:52.335 2018/02/02 [Analyzer,INFO] Program Analyzer on host localhost started
10:55:52.653 2018/02/02 [Analyzer,INFO] Set run number 1102 in ODB
10:58:13.418 2018/02/02 [Analyzer,INFO] Program Analyzer on host localhost stopped
10:58:13.627 2018/02/02 [Analyzer,INFO] Program Analyzer on host localhost started
10:58:13.942 2018/02/02 [Analyzer,INFO] Set run number 1103 in ODB
11:00:44.183 2018/02/02 [Analyzer,INFO] Program Analyzer on host localhost stopped
11:00:44.392 2018/02/02 [Analyzer,INFO] Program Analyzer on host localhost started
11:00:44.716 2018/02/02 [Analyzer,INFO] Set run number 1104 in ODB
11:03:56.627 2018/02/02 [Analyzer,INFO] Program Analyzer on host localhost stopped
11:03:56.858 2018/02/02 [Analyzer,INFO] Program Analyzer on host localhost started
11:03:57.210 2018/02/02 [Analyzer,INFO] Set run number 1105 in ODB
11:07:40.204 2018/02/02 [Analyzer,INFO] Program Analyzer on host localhost stopped
11:07:40.424 2018/02/02 [Analyzer,INFO] Program Analyzer on host localhost started
11:07:40.770 2018/02/02 [Analyzer,INFO] Set run number 1106 in ODB
11:10:42.546 2018/02/02 [Analyzer,INFO] Program Analyzer on host localhost stopped
11:10:42.762 2018/02/02 [Analyzer,INFO] Program Analyzer on host localhost started
11:10:43.107 2018/02/02 [Analyzer,INFO] Set run number 1107 in ODB
11:12:54.368 2018/02/02 [Analyzer,INFO] Program Analyzer on host localhost stopped
11:12:54.567 2018/02/02 [Analyzer,INFO] Program Analyzer on host localhost started
11:12:54.898 2018/02/02 [Analyzer,INFO] Set run number 1108 in ODB
11:14:56.342 2018/02/02 [Analyzer,INFO] Program Analyzer on host localhost stopped
11:24:11.300 2018/02/02 [Analyzer,INFO] Program Analyzer on host localhost started
11:24:11.623 2018/02/02 [Analyzer,INFO] Set run number 1114 in ODB
11:24:12.816 2018/02/02 [Analyzer,INFO] Program Analyzer on host localhost stopped
11:24:57.658 2018/02/02 [Analyzer,INFO] Program Analyzer on host localhost started
11:24:57.985 2018/02/02 [Analyzer,INFO] Set run number 1116 in ODB
11:26:03.138 2018/02/02 [Analyzer,INFO] Program Analyzer on host localhost stopped
11:26:03.329 2018/02/02 [Analyzer,INFO] Program Analyzer on host localhost started
11:26:03.671 2018/02/02 [Analyzer,INFO] Set run number 1117 in ODB
11:26:47.744 2018/02/02 [Analyzer,INFO] Program Analyzer on host localhost stopped
11:26:48.130 2018/02/02 [Analyzer,INFO] Program Analyzer on host localhost started
11:26:48.463 2018/02/02 [Analyzer,INFO] Set run number 1118 in ODB
11:27:45.819 2018/02/02 [Analyzer,INFO] Program Analyzer on host localhost stopped
11:38:47.944 2018/02/02 [Analyzer,INFO] Program Analyzer on host localhost started
11:38:48.277 2018/02/02 [Analyzer,INFO] Set run number 1130 in ODB
11:39:58.522 2018/02/02 [Analyzer,INFO] Program Analyzer on host localhost stopped
11:39:58.707 2018/02/02 [Analyzer,INFO] Program Analyzer on host localhost started
11:39:59.028 2018/02/02 [Analyzer,INFO] Set run number 1131 in ODB
11:41:29.268 2018/02/02 [Analyzer,INFO] Program Analyzer on host localhost stopped
11:41:29.458 2018/02/02 [Analyzer,INFO] Program Analyzer on host localhost started
11:41:29.789 2018/02/02 [Analyzer,INFO] Set run number 1132 in ODB
11:42:50.799 2018/02/02 [Analyzer,INFO] Program Analyzer on host localhost stopped
11:42:50.998 2018/02/02 [Analyzer,INFO] Program Analyzer on host localhost started
11:42:51.325 2018/02/02 [Analyzer,INFO] Set run number 1133 in ODB
11:44:09.952 2018/02/02 [Analyzer,INFO] Program Analyzer on host localhost stopped
11:44:10.177 2018/02/02 [Analyzer,INFO] Program Analyzer on host localhost started
11:44:10.522 2018/02/02 [Analyzer,INFO] Set run number 1134 in ODB
11:45:41.009 2018/02/02 [Analyzer,INFO] Program Analyzer on host localhost stopped
11:45:41.204 2018/02/02 [Analyzer,INFO] Program Analyzer on host localhost started
11:45:41.527 2018/02/02 [Analyzer,INFO] Set run number 1135 in ODB
11:46:01.772 2018/02/02 [Analyzer,INFO] Program Analyzer on host localhost stopped
11:46:01.971 2018/02/02 [Analyzer,INFO] Program Analyzer on host localhost started
11:46:02.304 2018/02/02 [Analyzer,INFO] Set run number 1136 in ODB
11:46:56.748 2018/02/02 [Analyzer,INFO] Program Analyzer on host localhost stopped
14:44:23.800 2018/02/03 [ODBEdit,INFO] Program ODBEdit on host localhost started
14:58:18.764 2018/02/03 [ODBEdit,ERROR] [odb.c:6893:db_save,ERROR] Cannot open file ""
14:59:01.832 2018/02/03 [Analyzer,INFO] Program Analyzer on host localhost started
14:59:02.179 2018/02/03 [Analyzer,INFO] Set run number 1102 in ODB
15:01:19.913 2018/02/03 [Analyzer,INFO] Program Analyzer on host localhost stopped
15:05:37.266 2018/02/03 [Analyzer,INFO] Program Analyzer on host localhost started
15:05:37.582 2018/02/03 [Analyzer,INFO] Set run number 1102 in ODB
15:07:57.575 2018/02/03 [Analyzer,INFO] Program Analyzer on host localhost stopped
15:10:09.829 2018/02/03 [Analyzer,INFO] Program Analyzer on host localhost started
15:10:10.144 2018/02/03 [Analyzer,INFO] Set run number 1102 in ODB
15:12:28.400 2018/02/03 [Analyzer,INFO] Program Analyzer on host localhost stopped
15:14:48.928 2018/02/03 [Analyzer,INFO] Program Analyzer on host localhost started
15:14:49.244 2018/02/03 [Analyzer,INFO] Set run number 1102 in ODB
15:17:18.219 2018/02/03 [Analyzer,INFO] Program Analyzer on host localhost stopped
20:12:13.109 2018/02/06 [ODBEdit,INFO] System time has been changed! last:1582752581ms  now:1849677583ms  delta:266925002ms
